<?xml version="1.0" encoding="UTF-8"?>
<testsuite xmlns:xsi="http://www.w3.org/2001/XMLSchema-instance" xsi:noNamespaceSchemaLocation="https://maven.apache.org/surefire/maven-surefire-plugin/xsd/surefire-test-report-3.0.xsd" version="3.0" name="org.indra.WordCounterTest" time="0.187" tests="4" errors="0" skipped="0" failures="0">
  <properties>
[...]
</properties>
  <testcase name="testEmptyWords" classname="org.indra.WordCounterTest" time="0.174"/>
  <testcase name="testLongWordRule" classname="org.indra.WordCounterTest" time="0.001"/>
  <testcase name="testMultipleRules" classname="org.indra.WordCounterTest" time="0.0"/>
  <testcase name="testStartsWithMRule" classname="org.indra.WordCounterTest" time="0.0"/>
</testsuite>